<?xml version="1.0" encoding="UTF-8"?>
<testng-results skipped="0" failed="0" ignored="0" total="1" passed="1">
  <reporter-output>
  </reporter-output>
  <suite name="Default suite" duration-ms="23849" started-at="2018-09-14T10:18:26Z" finished-at="2018-09-14T10:18:50Z">
    <groups>
    </groups>
    <test name="Default test" duration-ms="23849" started-at="2018-09-14T10:18:26Z" finished-at="2018-09-14T10:18:50Z">
      <class name="testng.TestngEx">
        <test-method status="PASS" signature="LaunchApp()[pri:0, instance:testng.TestngEx@578486a3]" name="LaunchApp" is-config="true" duration-ms="5610" started-at="2018-09-14T10:18:26Z" finished-at="2018-09-14T10:18:31Z">
          <reporter-output>
          </reporter-output>
        </test-method> <!-- LaunchApp -->
        <test-method status="PASS" signature="keysDownAndKeysup()[pri:0, instance:testng.TestngEx@578486a3]" name="keysDownAndKeysup" duration-ms="14595" started-at="2018-09-14T10:18:31Z" finished-at="2018-09-14T10:18:46Z">
          <reporter-output>
          </reporter-output>
        </test-method> <!-- keysDownAndKeysup -->
        <test-method status="PASS" signature="CloseApp()[pri:0, instance:testng.TestngEx@578486a3]" name="CloseApp" is-config="true" duration-ms="3625" started-at="2018-09-14T10:18:46Z" finished-at="2018-09-14T10:18:50Z">
          <reporter-output>
          </reporter-output>
        </test-method> <!-- CloseApp -->
      </class> <!-- testng.TestngEx -->
    </test> <!-- Default test -->
  </suite> <!-- Default suite -->
</testng-results>
