<?xml version="1.0" encoding="UTF-8"?>
<testng-results skipped="0" failed="0" ignored="0" total="1" passed="1">
  <reporter-output>
  </reporter-output>
  <suite name="Default suite" duration-ms="23365" started-at="2018-09-14T10:16:47Z" finished-at="2018-09-14T10:17:10Z">
    <groups>
    </groups>
    <test name="Default test" duration-ms="23365" started-at="2018-09-14T10:16:47Z" finished-at="2018-09-14T10:17:10Z">
      <class name="testng.TestngEx">
        <test-method status="PASS" signature="LaunchApp()[pri:0, instance:testng.TestngEx@50d0686]" name="LaunchApp" is-config="true" duration-ms="5066" started-at="2018-09-14T10:16:47Z" finished-at="2018-09-14T10:16:52Z">
          <reporter-output>
          </reporter-output>
        </test-method> <!-- LaunchApp -->
        <test-method status="PASS" signature="keysDownAndKeysup()[pri:0, instance:testng.TestngEx@50d0686]" name="keysDownAndKeysup" duration-ms="14681" started-at="2018-09-14T10:16:52Z" finished-at="2018-09-14T10:17:06Z">
          <reporter-output>
          </reporter-output>
        </test-method> <!-- keysDownAndKeysup -->
        <test-method status="PASS" signature="CloseApp()[pri:0, instance:testng.TestngEx@50d0686]" name="CloseApp" is-config="true" duration-ms="3591" started-at="2018-09-14T10:17:06Z" finished-at="2018-09-14T10:17:10Z">
          <reporter-output>
          </reporter-output>
        </test-method> <!-- CloseApp -->
      </class> <!-- testng.TestngEx -->
    </test> <!-- Default test -->
  </suite> <!-- Default suite -->
</testng-results>
